<?xml version="1.0" encoding="UTF-8"?>
<!-- Generated by org.testng.reporters.JUnitReportReporter -->
<testsuite hostname="ACSL-LP-1883" failures="0" tests="1" name="compliance.Paygroup" time="58.797" errors="0" timestamp="2024-11-21T17:29:33 IST" skipped="0">
  <testcase classname="compliance.Paygroup" name="loginsetup" time="58.797"/>
</testsuite> <!-- compliance.Paygroup -->
