<?xml version="1.0" encoding="UTF-8"?>
<!-- Generated by org.testng.reporters.JUnitReportReporter -->
<testsuite hostname="ACSL-LP-1883" failures="0" tests="1" name="compliance.Componentcreationandmapping" time="37.914" errors="0" timestamp="2024-11-22T14:37:20 IST" skipped="0">
  <testcase classname="compliance.Componentcreationandmapping" name="loginsetup2" time="37.914"/>
</testsuite> <!-- compliance.Componentcreationandmapping -->
