<?xml version="1.0" encoding="UTF-8"?>
<!-- Generated by org.testng.reporters.JUnitReportReporter -->
<testsuite hostname="ACSL-LP-1883" failures="0" tests="1" name="compliance.Shiftmaster" time="39.328" errors="0" timestamp="2024-12-09T16:07:50 IST" skipped="0">
  <testcase classname="compliance.Shiftmaster" name="shiftmaster" time="39.328"/>
</testsuite> <!-- compliance.Shiftmaster -->
