<?xml version="1.0" encoding="UTF-8"?>
<!-- Generated by org.testng.reporters.JUnitReportReporter -->
<testsuite hostname="ACSL-LP-1883" failures="0" tests="3" name="compliance.Parallelexample" time="29.133" errors="0" timestamp="2024-11-06T16:28:23 IST" skipped="0">
  <testcase classname="compliance.Parallelexample" name="login" time="14.931"/>
  <testcase classname="compliance.Parallelexample" name="login" time="6.901"/>
  <testcase classname="compliance.Parallelexample" name="login" time="7.301"/>
</testsuite> <!-- compliance.Parallelexample -->
