<?xml version="1.0" encoding="UTF-8"?>
<!-- Generated by org.testng.reporters.JUnitReportReporter -->
<testsuite hostname="ACSL-LP-1883" failures="0" tests="1" name="compliance.Groupsexample" time="4.679" errors="0" timestamp="2024-11-06T12:50:25 IST" skipped="0">
  <testcase classname="compliance.Groupsexample" name="applaunch" time="4.679"/>
</testsuite> <!-- compliance.Groupsexample -->
