<?xml version="1.0" encoding="UTF-8"?>
<!-- Generated by org.testng.reporters.JUnitReportReporter -->
<testsuite hostname="ACSL-LP-1883" failures="0" tests="1" name="compliance.Patternconfigexample" time="40.469" errors="0" timestamp="2024-11-22T10:59:35 IST" skipped="0">
  <testcase classname="compliance.Patternconfigexample" name="loginsetup" time="40.469"/>
</testsuite> <!-- compliance.Patternconfigexample -->
