<?xml version="1.0" encoding="UTF-8"?>
<!-- Generated by org.testng.reporters.JUnitReportReporter -->
<testsuite hostname="ACSL-LP-1883" failures="0" tests="3" name="javapackage.Multiplebrowser" time="15.688" errors="0" timestamp="2024-09-30T10:21:18 IST" skipped="0">
  <testcase classname="javapackage.Multiplebrowser" name="launch" time="10.727"/>
  <system-out/>
  <testcase classname="javapackage.Multiplebrowser" name="launch" time="2.294"/>
  <system-out/>
  <testcase classname="javapackage.Multiplebrowser" name="launch" time="2.667"/>
  <system-out/>
</testsuite> <!-- javapackage.Multiplebrowser -->
