<?xml version="1.0" encoding="UTF-8"?>
<!-- Generated by org.testng.reporters.JUnitReportReporter -->
<testsuite hostname="ACSL-LP-1883" failures="0" tests="1" name="javapackage.practice" time="0.255" errors="0" timestamp="2024-09-06T15:36:22 IST" skipped="0">
  <testcase classname="javapackage.practice" name="navigate" time="0.255"/>
  <system-out/>
</testsuite> <!-- javapackage.practice -->
