<?xml version="1.0" encoding="UTF-8"?>
<!-- Generated by org.testng.reporters.JUnitReportReporter -->
<testsuite hostname="ACSL-LP-1883" failures="0" tests="1" name="javapackage.Grc" time="0.179" errors="0" timestamp="2024-09-30T10:22:52 IST" skipped="0">
  <testcase classname="javapackage.Grc" name="search" time="0.179"/>
  <system-out/>
</testsuite> <!-- javapackage.Grc -->
