<?xml version="1.0" encoding="UTF-8"?>
<!-- Generated by org.testng.reporters.JUnitReportReporter -->
<testsuite hostname="ACSL-LP-1883" failures="0" tests="2" name="restassuredExample.Postexample" time="2.445" errors="0" timestamp="2024-11-14T10:06:08 IST" skipped="1">
  <testcase classname="restassuredExample.Postexample" name="bddpostexample" time="2.445"/>
  <testcase classname="restassuredExample.Postexample" name="createemployee">
    <skipped/>
  </testcase> <!-- createemployee -->
</testsuite> <!-- restassuredExample.Postexample -->
