<?xml version="1.0" encoding="UTF-8"?>
<!-- Generated by org.testng.reporters.JUnitReportReporter -->
<testsuite hostname="ACSL-LP-1883" failures="0" tests="1" name="restassuredExample.Jsonexternalfileexample" time="1.788" errors="0" timestamp="2024-11-08T17:22:18 IST" skipped="0">
  <testcase classname="restassuredExample.Jsonexternalfileexample" name="createemployee" time="1.788"/>
</testsuite> <!-- restassuredExample.Jsonexternalfileexample -->
