<?xml version="1.0" encoding="UTF-8"?>
<!-- Generated by org.testng.reporters.JUnitReportReporter -->
<testsuite hostname="ACSL-LP-1883" failures="0" tests="2" name="restassuredExample.Putexample" time="1.696" errors="0" timestamp="2024-11-08T12:39:25 IST" skipped="1">
  <testcase classname="restassuredExample.Putexample" name="bddputexample" time="1.696"/>
  <testcase classname="restassuredExample.Putexample" name="editemployee">
    <skipped/>
  </testcase> <!-- editemployee -->
</testsuite> <!-- restassuredExample.Putexample -->
