<?xml version="1.0" encoding="UTF-8"?>
<!-- Generated by org.testng.reporters.JUnitReportReporter -->
<testsuite hostname="ACSL-LP-1883" failures="0" tests="2" name="restassuredExample.Getexample" time="1.407" errors="0" timestamp="2024-11-08T12:44:56 IST" skipped="1">
  <testcase classname="restassuredExample.Getexample" name="bddallemployees" time="1.407"/>
  <testcase classname="restassuredExample.Getexample" name="allemployees">
    <skipped/>
  </testcase> <!-- allemployees -->
</testsuite> <!-- restassuredExample.Getexample -->
